This is pdfTeX, Version 3.1415926-1.40.10 (TeX Live 2009/Debian) (format=pdflatex 2012.4.27)  14 JUN 2012 21:00
entering extended mode
 %&-line parsing enabled.
**report.tex
(./report.tex
LaTeX2e <2009/09/24>
Babel <v3.8l> and hyphenation patterns for english, usenglishmax, dumylang, noh
yphenation, loaded.
(/usr/share/texmf-texlive/tex/latex/base/report.cls
Document Class: report 2007/10/19 v1.4h Standard LaTeX document class
(/usr/share/texmf-texlive/tex/latex/base/size11.clo
File: size11.clo 2007/10/19 v1.4h Standard LaTeX file (size option)
)
\c@part=\count79
\c@chapter=\count80
\c@section=\count81
\c@subsection=\count82
\c@subsubsection=\count83
\c@paragraph=\count84
\c@subparagraph=\count85
\c@figure=\count86
\c@table=\count87
\abovecaptionskip=\skip41
\belowcaptionskip=\skip42
\bibindent=\dimen102
)
(/usr/share/texmf-texlive/tex/latex/fancyhdr/fancyhdr.sty
\fancy@headwidth=\skip43
\f@ncyO@elh=\skip44
\f@ncyO@erh=\skip45
\f@ncyO@olh=\skip46
\f@ncyO@orh=\skip47
\f@ncyO@elf=\skip48
\f@ncyO@erf=\skip49
\f@ncyO@olf=\skip50
\f@ncyO@orf=\skip51
)
(/usr/share/texmf-texlive/tex/latex/amsfonts/amssymb.sty
Package: amssymb 2009/06/22 v3.00

(/usr/share/texmf-texlive/tex/latex/amsfonts/amsfonts.sty
Package: amsfonts 2009/06/22 v3.00 Basic AMSFonts support
\@emptytoks=\toks14
\symAMSa=\mathgroup4
\symAMSb=\mathgroup5
LaTeX Font Info:    Overwriting math alphabet `\mathfrak' in version `bold'
(Font)                  U/euf/m/n --> U/euf/b/n on input line 96.
))
(/usr/share/texmf-texlive/tex/latex/amsmath/amsmath.sty
Package: amsmath 2000/07/18 v2.13 AMS math features
\@mathmargin=\skip52

For additional information on amsmath, use the `?' option.
(/usr/share/texmf-texlive/tex/latex/amsmath/amstext.sty
Package: amstext 2000/06/29 v2.01

(/usr/share/texmf-texlive/tex/latex/amsmath/amsgen.sty
File: amsgen.sty 1999/11/30 v2.0
\@emptytoks=\toks15
\ex@=\dimen103
))
(/usr/share/texmf-texlive/tex/latex/amsmath/amsbsy.sty
Package: amsbsy 1999/11/29 v1.2d
\pmbraise@=\dimen104
)
(/usr/share/texmf-texlive/tex/latex/amsmath/amsopn.sty
Package: amsopn 1999/12/14 v2.01 operator names
)
\inf@bad=\count88
LaTeX Info: Redefining \frac on input line 211.
\uproot@=\count89
\leftroot@=\count90
LaTeX Info: Redefining \overline on input line 307.
\classnum@=\count91
\DOTSCASE@=\count92
LaTeX Info: Redefining \ldots on input line 379.
LaTeX Info: Redefining \dots on input line 382.
LaTeX Info: Redefining \cdots on input line 467.
\Mathstrutbox@=\box26
\strutbox@=\box27
\big@size=\dimen105
LaTeX Font Info:    Redeclaring font encoding OML on input line 567.
LaTeX Font Info:    Redeclaring font encoding OMS on input line 568.
\macc@depth=\count93
\c@MaxMatrixCols=\count94
\dotsspace@=\muskip10
\c@parentequation=\count95
\dspbrk@lvl=\count96
\tag@help=\toks16
\row@=\count97
\column@=\count98
\maxfields@=\count99
\andhelp@=\toks17
\eqnshift@=\dimen106
\alignsep@=\dimen107
\tagshift@=\dimen108
\tagwidth@=\dimen109
\totwidth@=\dimen110
\lineht@=\dimen111
\@envbody=\toks18
\multlinegap=\skip53
\multlinetaggap=\skip54
\mathdisplay@stack=\toks19
LaTeX Info: Redefining \[ on input line 2666.
LaTeX Info: Redefining \] on input line 2667.
)
(/usr/share/texmf-texlive/tex/latex/setspace/setspace.sty
Package: setspace 2000/12/01 6.7 Contributed and Supported LaTeX2e package

Package: `setspace' 6.7 <2000/12/01>
) (/usr/share/texmf-texlive/tex/latex/float/float.sty
Package: float 2001/11/08 v1.3d Float enhancements (AL)
\c@float@type=\count100
\float@exts=\toks20
\float@box=\box28
\@float@everytoks=\toks21
\@floatcapt=\box29
)
(/usr/share/texmf-texlive/tex/latex/caption/caption.sty
Package: caption 2009/10/09 v3.1k Customizing captions (AR)

(/usr/share/texmf-texlive/tex/latex/caption/caption3.sty
Package: caption3 2009/10/09 v3.1k caption3 kernel (AR)

(/usr/share/texmf-texlive/tex/latex/graphics/keyval.sty
Package: keyval 1999/03/16 v1.13 key=value parser (DPC)
\KV@toks@=\toks22
)
\captionmargin=\dimen112
\captionmargin@=\dimen113
\captionwidth=\dimen114
\caption@indent=\dimen115
\caption@parindent=\dimen116
\caption@hangindent=\dimen117
)
\c@ContinuedFloat=\count101
Package caption Info: float package is loaded.
)
(/usr/share/texmf-texlive/tex/latex/titlesec/titlesec.sty
Package: titlesec 2007/08/12 v2.8 Sectioning titles
\ttl@box=\box30
\beforetitleunit=\skip55
\aftertitleunit=\skip56
\ttl@plus=\dimen118
\ttl@minus=\dimen119
\ttl@toksa=\toks23
\titlewidth=\dimen120
\titlewidthlast=\dimen121
\titlewidthfirst=\dimen122
)
(/usr/share/texmf-texlive/tex/latex/pdfpages/pdfpages.sty
Package: pdfpages 2009/02/07 v0.4g Insert pages of external PDF documents (AM)

(/usr/share/texmf-texlive/tex/latex/base/ifthen.sty
Package: ifthen 2001/05/26 v1.1c Standard LaTeX ifthen package (DPC)
)
(/usr/share/texmf-texlive/tex/latex/graphics/graphicx.sty
Package: graphicx 1999/02/16 v1.0f Enhanced LaTeX Graphics (DPC,SPQR)

(/usr/share/texmf-texlive/tex/latex/graphics/graphics.sty
Package: graphics 2009/02/05 v1.0o Standard LaTeX Graphics (DPC,SPQR)

(/usr/share/texmf-texlive/tex/latex/graphics/trig.sty
Package: trig 1999/03/16 v1.09 sin cos tan (DPC)
)
(/etc/texmf/tex/latex/config/graphics.cfg
File: graphics.cfg 2009/08/28 v1.8 graphics configuration of TeX Live
)
Package graphics Info: Driver file: pdftex.def on input line 91.

(/usr/share/texmf-texlive/tex/latex/pdftex-def/pdftex.def
File: pdftex.def 2010/03/12 v0.04p Graphics/color for pdfTeX
\Gread@gobject=\count102
))
\Gin@req@height=\dimen123
\Gin@req@width=\dimen124
)
(/usr/share/texmf-texlive/tex/latex/tools/calc.sty
Package: calc 2007/08/22 v4.3 Infix arithmetic (KKT,FJ)
\calc@Acount=\count103
\calc@Bcount=\count104
\calc@Adimen=\dimen125
\calc@Bdimen=\dimen126
\calc@Askip=\skip57
\calc@Bskip=\skip58
LaTeX Info: Redefining \setlength on input line 76.
LaTeX Info: Redefining \addtolength on input line 77.
\calc@Ccount=\count105
\calc@Cskip=\skip59
)
(/usr/share/texmf-texlive/tex/latex/eso-pic/eso-pic.sty
Package: eso-pic 2006/07/14 v1.1d eso-pic (RN)

(/usr/share/texmf-texlive/tex/latex/ms/everyshi.sty
Package: everyshi 2001/05/15 v3.00 EveryShipout Package (MS)
))
(/usr/share/texmf-texlive/tex/latex/pdfpages/pppdftex.def
File: pppdftex.def 2009/02/07 v0.4g Pdfpages driver for pdfTeX (AM)
)
\AM@pagebox=\box31
\AM@toc@title=\toks24
\c@AM@survey=\count106
\AM@templatesizebox=\box32
)
(/usr/share/texmf-texlive/tex/latex/ms/ragged2e.sty
Package: ragged2e 2009/05/21 v2.1 ragged2e Package (MS)

(/usr/share/texmf-texlive/tex/latex/ms/everysel.sty
Package: everysel 1999/06/08 v1.03 EverySelectfont Package (MS)
)
\CenteringLeftskip=\skip60
\RaggedLeftLeftskip=\skip61
\RaggedRightLeftskip=\skip62
\CenteringRightskip=\skip63
\RaggedLeftRightskip=\skip64
\RaggedRightRightskip=\skip65
\CenteringParfillskip=\skip66
\RaggedLeftParfillskip=\skip67
\RaggedRightParfillskip=\skip68
\JustifyingParfillskip=\skip69
\CenteringParindent=\skip70
\RaggedLeftParindent=\skip71
\RaggedRightParindent=\skip72
\JustifyingParindent=\skip73
)
(/usr/share/texmf-texlive/tex/latex/graphics/color.sty
Package: color 2005/11/14 v1.0j Standard LaTeX Color (DPC)

(/etc/texmf/tex/latex/config/color.cfg
File: color.cfg 2007/01/18 v1.5 color configuration of teTeX/TeXLive
)
Package color Info: Driver file: pdftex.def on input line 130.

(/usr/share/texmf-texlive/tex/latex/graphics/dvipsnam.def
File: dvipsnam.def 1999/02/16 v3.0i Driver-dependant file (DPC,SPQR)
))
(/usr/share/texmf/tex/latex/xcolor/xcolor.sty
Package: xcolor 2007/01/21 v2.11 LaTeX color extensions (UK)

(/etc/texmf/tex/latex/config/color.cfg
File: color.cfg 2007/01/18 v1.5 color configuration of teTeX/TeXLive
)
Package xcolor Info: Driver file: pdftex.def on input line 225.

(/usr/share/texmf-texlive/tex/latex/colortbl/colortbl.sty
Package: colortbl 2001/02/13 v0.1j Color table columns (DPC)

(/usr/share/texmf-texlive/tex/latex/tools/array.sty
Package: array 2008/09/09 v2.4c Tabular extension package (FMi)
\col@sep=\dimen127
\extrarowheight=\dimen128
\NC@list=\toks25
\extratabsurround=\skip74
\backup@length=\skip75
)
\everycr=\toks26
\minrowclearance=\skip76
)
LaTeX Info: Redefining \color on input line 702.
\rownum=\count107
Package xcolor Info: Model `cmy' substituted by `cmy0' on input line 1337.
Package xcolor Info: Model `hsb' substituted by `rgb' on input line 1341.
Package xcolor Info: Model `RGB' extended on input line 1353.
Package xcolor Info: Model `HTML' substituted by `rgb' on input line 1355.
Package xcolor Info: Model `Hsb' substituted by `hsb' on input line 1356.
Package xcolor Info: Model `tHsb' substituted by `hsb' on input line 1357.
Package xcolor Info: Model `HSB' substituted by `hsb' on input line 1358.
Package xcolor Info: Model `Gray' substituted by `gray' on input line 1359.
Package xcolor Info: Model `wave' substituted by `hsb' on input line 1360.
)

Package Fancyhdr Warning: \fancyfoot's `E' option without twoside option is use
less on input line 27.


Package Fancyhdr Warning: \fancyhead's `E' option without twoside option is use
less on input line 28.

(./report.aux)
\openout1 = `report.aux'.

LaTeX Font Info:    Checking defaults for OML/cmm/m/it on input line 74.
LaTeX Font Info:    ... okay on input line 74.
LaTeX Font Info:    Checking defaults for T1/cmr/m/n on input line 74.
LaTeX Font Info:    ... okay on input line 74.
LaTeX Font Info:    Checking defaults for OT1/cmr/m/n on input line 74.
LaTeX Font Info:    ... okay on input line 74.
LaTeX Font Info:    Checking defaults for OMS/cmsy/m/n on input line 74.
LaTeX Font Info:    ... okay on input line 74.
LaTeX Font Info:    Checking defaults for OMX/cmex/m/n on input line 74.
LaTeX Font Info:    ... okay on input line 74.
LaTeX Font Info:    Checking defaults for U/cmr/m/n on input line 74.
LaTeX Font Info:    ... okay on input line 74.
Package caption Info: Begin \AtBeginDocument code.
Package caption Info: End \AtBeginDocument code.
 (/usr/share/texmf-texlive/tex/context/base/supp-pdf.mkii
[Loading MPS to PDF converter (version 2006.09.02).]
\scratchcounter=\count108
\scratchdimen=\dimen129
\scratchbox=\box33
\nofMPsegments=\count109
\nofMParguments=\count110
\everyMPshowfont=\toks27
\MPscratchCnt=\count111
\MPscratchDim=\dimen130
\MPnumerator=\count112
\everyMPtoPDFconversion=\toks28
) ABD: EveryShipout initializing macros
LaTeX Info: Redefining \selectfont on input line 74.

<title_page.pdf, id=5, page=1, 597.50829pt x 845.0471pt>
File: title_page.pdf Graphic file (type pdf)

<use title_page.pdf, page 1>
File: title_page.pdf Graphic file (type pdf)
 <use title_page.pdf, page 1>
File: title_page.pdf Graphic file (type pdf)

<use title_page.pdf, page 1>
File: title_page.pdf Graphic file (type pdf)
 <use title_page.pdf, page 1>
File: title_page.pdf Graphic file (type pdf)

<use title_page.pdf, page 1> [1

 <./title_page.pdf{/var/lib/texmf/fonts/map/pdftex/updmap/pdftex.map}>]
<certificate.pdf, id=39, page=1, 597.50829pt x 845.0471pt>
File: certificate.pdf Graphic file (type pdf)

<use certificate.pdf, page 1>
File: certificate.pdf Graphic file (type pdf)
 <use certificate.pdf, page 1>
File: certificate.pdf Graphic file (type pdf)

<use certificate.pdf, page 1>
File: certificate.pdf Graphic file (type pdf)
 <use certificate.pdf, page 1>
File: certificate.pdf Graphic file (type pdf)

<use certificate.pdf, page 1> [2 <./certificate.pdf>]
Underfull \hbox (badness 10000) in paragraph at lines 95--96

 []

[3] [1

]
Underfull \hbox (badness 10000) in paragraph at lines 128--129

 []


Underfull \hbox (badness 10000) in paragraph at lines 132--134

 []


Underfull \hbox (badness 10000) in paragraph at lines 137--138

 []


Underfull \hbox (badness 10000) in paragraph at lines 141--142

 []

[2

] (./report.toc
LaTeX Font Info:    Try loading font information for U+msa on input line 4.
 (/usr/share/texmf-texlive/tex/latex/amsfonts/umsa.fd
File: umsa.fd 2009/06/22 v3.00 AMS symbols A
)
LaTeX Font Info:    Try loading font information for U+msb on input line 4.

(/usr/share/texmf-texlive/tex/latex/amsfonts/umsb.fd
File: umsb.fd 2009/06/22 v3.00 AMS symbols B
) [3

])
\tf@toc=\write3
\openout3 = `report.toc'.

 [4] (./report.lof)
\tf@lof=\write4
\openout4 = `report.lof'.


[5


]

Package Fancyhdr Warning: \fancyfoot's `E' option without twoside option is use
less on input line 184.


Package Fancyhdr Warning: \fancyhead's `E' option without twoside option is use
less on input line 185.

Chapter 1.

Underfull \hbox (badness 10000) in paragraph at lines 194--195

 []


Underfull \hbox (badness 10000) in paragraph at lines 198--199

 []


Underfull \hbox (badness 10000) in paragraph at lines 202--203

 []

[1


]
Underfull \hbox (badness 10000) in paragraph at lines 207--208

 []

<gantt.pdf, id=94, 597.23125pt x 845.1575pt>
File: gantt.pdf Graphic file (type pdf)
 <use gantt.pdf>

Package Fancyhdr Warning: \headheight is too small (12.0pt): 
 Make it at least 25.59999pt.
 We now make it that large for the rest of the document.
 This may cause the page layout to be inconsistent, however.

[2]

Package Fancyhdr Warning: \headheight is too small (12.0pt): 
 Make it at least 25.59999pt.
 We now make it that large for the rest of the document.
 This may cause the page layout to be inconsistent, however.

[3 <./gantt.pdf>]
Chapter 2.
LaTeX Font Info:    Try loading font information for OMS+cmr on input line 230.

(/usr/share/texmf-texlive/tex/latex/base/omscmr.fd
File: omscmr.fd 1999/05/25 v2.5h Standard LaTeX font definitions
)
LaTeX Font Info:    Font shape `OMS/cmr/m/n' in size <12> not available
(Font)              Font shape `OMS/cmsy/m/n' tried instead on input line 230.

Underfull \hbox (badness 10000) in paragraph at lines 230--231

 []


Underfull \hbox (badness 10000) in paragraph at lines 231--232

 []


Underfull \hbox (badness 10000) in paragraph at lines 232--233

 []


Underfull \hbox (badness 10000) in paragraph at lines 233--234

 []

[4

]
Underfull \hbox (badness 10000) in paragraph at lines 234--235

 []


Underfull \hbox (badness 10000) in paragraph at lines 235--236

 []


Package Fancyhdr Warning: \headheight is too small (12.0pt): 
 Make it at least 25.59999pt.
 We now make it that large for the rest of the document.
 This may cause the page layout to be inconsistent, however.

[5]

Package Fancyhdr Warning: \headheight is too small (12.0pt): 
 Make it at least 25.59999pt.
 We now make it that large for the rest of the document.
 This may cause the page layout to be inconsistent, however.

[6]
Chapter 3.

Underfull \hbox (badness 10000) in paragraph at lines 284--285

 []


Overfull \hbox (4.37677pt too wide) in paragraph at lines 288--289
\OT1/cmr/m/n/12 This project im-ple-ments an ad-vanced ma-chine learn-ing al-go
-rithm known
 []


Underfull \hbox (badness 10000) in paragraph at lines 288--289

 []

[7

]

Package Fancyhdr Warning: \headheight is too small (12.0pt): 
 Make it at least 25.59999pt.
 We now make it that large for the rest of the document.
 This may cause the page layout to be inconsistent, however.

[8]
Chapter 4.

Underfull \hbox (badness 10000) in paragraph at lines 300--301

 []


Underfull \hbox (badness 10000) in paragraph at lines 302--303

 []


Underfull \hbox (badness 10000) in paragraph at lines 304--305

 []

[9

]
Underfull \hbox (badness 10000) in paragraph at lines 307--308

 []

Missing character: There is no â in font cmr12!
Missing character: There is no € in font cmr12!
Missing character: There is no ™ in font cmr12!

Overfull \hbox (2.93652pt too wide) in paragraph at lines 309--310
\OT1/cmr/m/n/12 ``Quan-ti-ta-tive anal-y-sis in sin-gle pho-ton emis-sion to-mo
g-ra-phy (SPECT)"
 []


Underfull \hbox (badness 10000) in paragraph at lines 309--310

 []


Package Fancyhdr Warning: \headheight is too small (12.0pt): 
 Make it at least 25.59999pt.
 We now make it that large for the rest of the document.
 This may cause the page layout to be inconsistent, however.

[10]
Chapter 5.

Underfull \hbox (badness 10000) in paragraph at lines 323--324

 []


Underfull \hbox (badness 10000) in paragraph at lines 334--335

 []


Overfull \hbox (14.24794pt too wide) in paragraph at lines 335--336
\OT1/cmr/m/n/12 ma-chine learn-ing pur-poses, UCI main-tains a com-pre-hen-sive
 database
 []


Underfull \hbox (badness 10000) in paragraph at lines 335--336

 []


Underfull \hbox (badness 10000) in paragraph at lines 336--337

 []

[11

]
Underfull \hbox (badness 10000) in paragraph at lines 337--338

 []


Underfull \hbox (badness 10000) in paragraph at lines 338--339

 []

Missing character: There is no â in font cmr12!
Missing character: There is no € in font cmr12!
Missing character: There is no ™ in font cmr12!

Underfull \hbox (badness 10000) in paragraph at lines 339--340

 []


Underfull \hbox (badness 10000) in paragraph at lines 340--341

 []


Underfull \hbox (badness 10000) in paragraph at lines 341--342

 []


Underfull \hbox (badness 10000) in paragraph at lines 342--343

 []


Underfull \hbox (badness 10000) in paragraph at lines 343--344

 []


Package Fancyhdr Warning: \headheight is too small (12.0pt): 
 Make it at least 25.59999pt.
 We now make it that large for the rest of the document.
 This may cause the page layout to be inconsistent, however.

[12]
Underfull \hbox (badness 10000) in paragraph at lines 351--352

 []


Underfull \hbox (badness 10000) in paragraph at lines 352--353

 []


Underfull \hbox (badness 10000) in paragraph at lines 353--354

 []


Underfull \hbox (badness 10000) in paragraph at lines 360--361

 []


Underfull \hbox (badness 10000) in paragraph at lines 361--362

 []


Package Fancyhdr Warning: \headheight is too small (12.0pt): 
 Make it at least 25.59999pt.
 We now make it that large for the rest of the document.
 This may cause the page layout to be inconsistent, however.

[13]
Underfull \hbox (badness 10000) in paragraph at lines 362--363

 []


Underfull \hbox (badness 10000) in paragraph at lines 372--373

 []


Underfull \hbox (badness 10000) in paragraph at lines 373--374

 []


Underfull \hbox (badness 10000) in paragraph at lines 379--380

 []


Underfull \hbox (badness 10000) in paragraph at lines 381--382

 []


Package Fancyhdr Warning: \headheight is too small (12.0pt): 
 Make it at least 25.59999pt.
 We now make it that large for the rest of the document.
 This may cause the page layout to be inconsistent, however.

[14]
Underfull \hbox (badness 10000) in paragraph at lines 383--384

 []


Underfull \hbox (badness 10000) in paragraph at lines 385--386

 []


Package Fancyhdr Warning: \headheight is too small (12.0pt): 
 Make it at least 25.59999pt.
 We now make it that large for the rest of the document.
 This may cause the page layout to be inconsistent, however.

[15]
Underfull \hbox (badness 10000) in paragraph at lines 408--409

 []


Underfull \hbox (badness 10000) in paragraph at lines 409--410

 []


Underfull \hbox (badness 10000) in paragraph at lines 410--411

 []


Package Fancyhdr Warning: \headheight is too small (12.0pt): 
 Make it at least 25.59999pt.
 We now make it that large for the rest of the document.
 This may cause the page layout to be inconsistent, however.

[16]
Chapter 6.

Underfull \hbox (badness 10000) in paragraph at lines 425--426

 []


Underfull \hbox (badness 10000) in paragraph at lines 427--428

 []


Underfull \hbox (badness 10000) in paragraph at lines 430--431

 []


Underfull \hbox (badness 10000) in paragraph at lines 432--433

 []

[17

]
Chapter 7.

Underfull \hbox (badness 10000) in paragraph at lines 442--443

 []


Underfull \hbox (badness 10000) in paragraph at lines 445--446

 []


Underfull \hbox (badness 10000) in paragraph at lines 446--447

 []


Underfull \hbox (badness 10000) in paragraph at lines 447--448

 []


Underfull \hbox (badness 10000) in paragraph at lines 448--449

 []


Underfull \hbox (badness 10000) in paragraph at lines 457--459

 []

[18

]
Underfull \hbox (badness 10000) in paragraph at lines 459--461

 []


Underfull \hbox (badness 10000) in paragraph at lines 463--465

 []


Underfull \hbox (badness 10000) in paragraph at lines 468--469

 []

<1.pdf, id=168, 597.23125pt x 845.1575pt>
File: 1.pdf Graphic file (type pdf)
 <use 1.pdf>
Overfull \hbox (9.88582pt too wide) in paragraph at lines 473--476
 [] 
 []


Overfull \hbox (4.94292pt too wide) in paragraph at lines 476--476
[] [] 
 []


Package Fancyhdr Warning: \headheight is too small (12.0pt): 
 Make it at least 25.59999pt.
 We now make it that large for the rest of the document.
 This may cause the page layout to be inconsistent, however.

[19]
Underfull \hbox (badness 10000) in paragraph at lines 480--481

 []

<2.pdf, id=173, 597.23125pt x 845.1575pt>
File: 2.pdf Graphic file (type pdf)
 <use 2.pdf>
Overfull \hbox (9.88582pt too wide) in paragraph at lines 484--486
 [] 
 []


Overfull \hbox (4.94292pt too wide) in paragraph at lines 486--486
[] [] 
 []


Package Fancyhdr Warning: \headheight is too small (12.0pt): 
 Make it at least 25.59999pt.
 We now make it that large for the rest of the document.
 This may cause the page layout to be inconsistent, however.

[20 <./1.pdf>]

Package Fancyhdr Warning: \headheight is too small (12.0pt): 
 Make it at least 25.59999pt.
 We now make it that large for the rest of the document.
 This may cause the page layout to be inconsistent, however.

[21 <./2.pdf>]
Chapter 8.
<svmg.png, id=193, 486.31688pt x 382.42876pt>
File: svmg.png Graphic file (type png)
 <use svmg.png>
Overfull \hbox (9.88664pt too wide) in paragraph at lines 503--505
 [] 
 []


Overfull \hbox (4.94292pt too wide) in paragraph at lines 505--505
[] [] 
 []


Underfull \hbox (badness 10000) in paragraph at lines 509--510

 []

[22

 <./svmg.png (PNG copy)>] <svml.png, id=197, 500.62032pt x 408.02437pt>
File: svml.png Graphic file (type png)

<use svml.png>
Overfull \hbox (9.90324pt too wide) in paragraph at lines 515--517
 [] 
 []


Overfull \hbox (4.94292pt too wide) in paragraph at lines 517--517
[] [] 
 []


Package Fancyhdr Warning: \headheight is too small (12.0pt): 
 Make it at least 25.59999pt.
 We now make it that large for the rest of the document.
 This may cause the page layout to be inconsistent, however.

[23]
Underfull \hbox (badness 10000) in paragraph at lines 521--522

 []


Package Fancyhdr Warning: \headheight is too small (12.0pt): 
 Make it at least 25.59999pt.
 We now make it that large for the rest of the document.
 This may cause the page layout to be inconsistent, however.

[24 <./svml.png (PNG copy)>] <nn.png, id=205, 484.81125pt x 390.70969pt>
File: nn.png Graphic file (type png)

<use nn.png>
Overfull \hbox (9.90291pt too wide) in paragraph at lines 527--529
 [] 
 []


Overfull \hbox (4.94292pt too wide) in paragraph at lines 529--529
[] [] 
 []


Underfull \hbox (badness 10000) in paragraph at lines 533--534

 []


Package Fancyhdr Warning: \headheight is too small (12.0pt): 
 Make it at least 25.59999pt.
 We now make it that large for the rest of the document.
 This may cause the page layout to be inconsistent, however.

[25 <./nn.png (PNG copy)>]

Package Fancyhdr Warning: \headheight is too small (12.0pt): 
 Make it at least 25.59999pt.
 We now make it that large for the rest of the document.
 This may cause the page layout to be inconsistent, however.

[26]
Chapter 9.

Underfull \hbox (badness 10000) in paragraph at lines 542--543

 []


Underfull \hbox (badness 10000) in paragraph at lines 545--546

 []


Underfull \hbox (badness 10000) in paragraph at lines 547--548

 []


Underfull \hbox (badness 10000) in paragraph at lines 550--551

 []

[27

]

Package Fancyhdr Warning: \headheight is too small (12.0pt): 
 Make it at least 25.59999pt.
 We now make it that large for the rest of the document.
 This may cause the page layout to be inconsistent, however.

[28]
Chapter 10.

Underfull \hbox (badness 10000) in paragraph at lines 559--560

 []

Missing character: There is no â in font cmr12!
Missing character: There is no € in font cmr12!
Missing character: There is no ™ in font cmr12!

Underfull \hbox (badness 10000) in paragraph at lines 562--563

 []


Underfull \hbox (badness 10000) in paragraph at lines 563--564

 []


Underfull \hbox (badness 10000) in paragraph at lines 564--565

 []

[29

]

Package Fancyhdr Warning: \headheight is too small (12.0pt): 
 Make it at least 25.59999pt.
 We now make it that large for the rest of the document.
 This may cause the page layout to be inconsistent, however.

[30] (./report.bbl
Missing character: There is no â in font cmti12!
Missing character: There is no € in font cmti12!
Missing character: There is no ™ in font cmti12!
) [31


] (./report.aux) )
(\end occurred inside a group at level 1)

### simple group (level 1) entered at line 139 ({)
### bottom level 
Here is how much of TeX's memory you used:
 4805 strings out of 495061
 66567 string characters out of 1182621
 135343 words of memory out of 3000000
 7902 multiletter control sequences out of 15000+50000
 12358 words of font info for 46 fonts, out of 3000000 for 9000
 28 hyphenation exceptions out of 8191
 41i,16n,43p,1562b,537s stack positions out of 5000i,500n,10000p,200000b,50000s
</usr/share/texmf-texlive/fonts/type1/public/amsfonts/cm/cmbx10
.pfb></usr/share/texmf-texlive/fonts/type1/public/amsfonts/cm/cmbx12.pfb></usr/
share/texmf-texlive/fonts/type1/public/amsfonts/cm/cmbxti10.pfb></usr/share/tex
mf-texlive/fonts/type1/public/amsfonts/cm/cmmi10.pfb></usr/share/texmf-texlive/
fonts/type1/public/amsfonts/cm/cmmi12.pfb></usr/share/texmf-texlive/fonts/type1
/public/amsfonts/cm/cmmi8.pfb></usr/share/texmf-texlive/fonts/type1/public/amsf
onts/cm/cmr10.pfb></usr/share/texmf-texlive/fonts/type1/public/amsfonts/cm/cmr1
2.pfb></usr/share/texmf-texlive/fonts/type1/public/amsfonts/cm/cmr8.pfb></usr/s
hare/texmf-texlive/fonts/type1/public/amsfonts/cm/cmsl12.pfb></usr/share/texmf-
texlive/fonts/type1/public/amsfonts/cm/cmsy10.pfb></usr/share/texmf-texlive/fon
ts/type1/public/amsfonts/cm/cmti10.pfb></usr/share/texmf-texlive/fonts/type1/pu
blic/amsfonts/cm/cmti12.pfb>
Output written on report.pdf (39 pages, 846128 bytes).
PDF statistics:
 263 PDF objects out of 1000 (max. 8388607)
 0 named destinations out of 1000 (max. 500000)
 61 words of extra memory for PDF output out of 10000 (max. 10000000)

